{"uuid":"67c79eec-7edb-4ab2-8afb-5c25ced5e8ee","historyId":"47c868f2d234904cb3bc78d24210ae75","testCaseId":"aba02786fad75b1cd3a57e9d162dac7c","fullName":"src/test/resources/features/test_exceptions.feature:4","labels":[{"name":"tag","value":"smokeTest"},{"name":"host","value":"Admin"},{"name":"thread","value":"42456@Admin.main(1)"},{"name":"feature","value":"Test Exceptions Functionality"},{"name":"story","value":"Adding, Editing, and Removing Items"},{"name":"suite","value":"Test Exceptions Functionality"},{"name":"testClass","value":"Adding, Editing, and Removing Items"},{"name":"framework","value":"cucumber4jvm"},{"name":"language","value":"java"},{"name":"gherkin_uri","value":"file:///C:/Users/Mike%20Redondo/OneDrive/Desktop/selenium_java_practice/selenium-java-webdriver/src/test/resources/features/test_exceptions.feature"},{"name":"package","value":"src.test.resources.features.test_exceptions_feature.Test Exceptions Functionality"}],"links":[],"name":"Adding, Editing, and Removing Items","status":"broken","statusDetails":{"known":false,"muted":false,"flaky":false,"message":"element click intercepted: Element <button id=\"save_btn\" class=\"btn\" style=\"\" name=\"...\">Save</button> is not clickable at point (662, 19). Other element would receive the click: <div id=\"max-width\" class=\"max-width\">...</div>\n  (Session info: MicrosoftEdge=135.0.3179.73)\nBuild info: version: '4.31.0', revision: '1ef9f18787*'\nSystem info: os.name: 'Windows 11', os.arch: 'amd64', os.version: '10.0', java.version: '21.0.6'\nDriver info: org.openqa.selenium.edge.EdgeDriver\nCommand: [4acdd4425eed9b8015b320710312838e, clickElement {id=f.E0CB0030BA091C6A60C96042F1F77182.d.A48E57E00396F6F8D058D5D89F0DA931.e.54}]\nCapabilities {acceptInsecureCerts: false, browserName: MicrosoftEdge, browserVersion: 135.0.3179.73, fedcm:accounts: true, ms:edgeOptions: {debuggerAddress: localhost:50505}, msedge: {msedgedriverVersion: 135.0.3179.73 (1aac646e08ad..., userDataDir: C:\\Users\\MIKERE~1\\AppData\\L...}, networkConnectionEnabled: false, pageLoadStrategy: normal, platformName: windows, proxy: Proxy(), se:cdp: ws://localhost:50505/devtoo..., se:cdpVersion: 135.0.3179.73, setWindowRect: true, strictFileInteractability: false, timeouts: {implicit: 0, pageLoad: 300000, script: 30000}, unhandledPromptBehavior: dismiss and notify, webauthn:extension:credBlob: true, webauthn:extension:largeBlob: true, webauthn:extension:minPinLength: true, webauthn:extension:prf: true, webauthn:virtualAuthenticators: true}\nElement: [[EdgeDriver: MicrosoftEdge on windows (4acdd4425eed9b8015b320710312838e)] -> css selector: #row1 #save_btn[name='Save']]\nSession ID: 4acdd4425eed9b8015b320710312838e","trace":"org.openqa.selenium.ElementClickInterceptedException: element click intercepted: Element <button id=\"save_btn\" class=\"btn\" style=\"\" name=\"...\">Save</button> is not clickable at point (662, 19). Other element would receive the click: <div id=\"max-width\" class=\"max-width\">...</div>\n  (Session info: MicrosoftEdge=135.0.3179.73)\nBuild info: version: '4.31.0', revision: '1ef9f18787*'\nSystem info: os.name: 'Windows 11', os.arch: 'amd64', os.version: '10.0', java.version: '21.0.6'\nDriver info: org.openqa.selenium.edge.EdgeDriver\nCommand: [4acdd4425eed9b8015b320710312838e, clickElement {id=f.E0CB0030BA091C6A60C96042F1F77182.d.A48E57E00396F6F8D058D5D89F0DA931.e.54}]\nCapabilities {acceptInsecureCerts: false, browserName: MicrosoftEdge, browserVersion: 135.0.3179.73, fedcm:accounts: true, ms:edgeOptions: {debuggerAddress: localhost:50505}, msedge: {msedgedriverVersion: 135.0.3179.73 (1aac646e08ad..., userDataDir: C:\\Users\\MIKERE~1\\AppData\\L...}, networkConnectionEnabled: false, pageLoadStrategy: normal, platformName: windows, proxy: Proxy(), se:cdp: ws://localhost:50505/devtoo..., se:cdpVersion: 135.0.3179.73, setWindowRect: true, strictFileInteractability: false, timeouts: {implicit: 0, pageLoad: 300000, script: 30000}, unhandledPromptBehavior: dismiss and notify, webauthn:extension:credBlob: true, webauthn:extension:largeBlob: true, webauthn:extension:minPinLength: true, webauthn:extension:prf: true, webauthn:virtualAuthenticators: true}\nElement: [[EdgeDriver: MicrosoftEdge on windows (4acdd4425eed9b8015b320710312838e)] -> css selector: #row1 #save_btn[name='Save']]\nSession ID: 4acdd4425eed9b8015b320710312838e\r\n\tat java.base/jdk.internal.reflect.DirectConstructorHandleAccessor.newInstance(DirectConstructorHandleAccessor.java:62)\r\n\tat java.base/java.lang.reflect.Constructor.newInstanceWithCaller(Constructor.java:502)\r\n\tat java.base/java.lang.reflect.Constructor.newInstance(Constructor.java:486)\r\n\tat org.openqa.selenium.remote.ErrorCodec.decode(ErrorCodec.java:167)\r\n\tat org.openqa.selenium.remote.codec.w3c.W3CHttpResponseCodec.decode(W3CHttpResponseCodec.java:138)\r\n\tat org.openqa.selenium.remote.codec.w3c.W3CHttpResponseCodec.decode(W3CHttpResponseCodec.java:50)\r\n\tat org.openqa.selenium.remote.HttpCommandExecutor.execute(HttpCommandExecutor.java:215)\r\n\tat org.openqa.selenium.remote.service.DriverCommandExecutor.invokeExecute(DriverCommandExecutor.java:216)\r\n\tat org.openqa.selenium.remote.service.DriverCommandExecutor.execute(DriverCommandExecutor.java:174)\r\n\tat org.openqa.selenium.remote.RemoteWebDriver.execute(RemoteWebDriver.java:545)\r\n\tat org.openqa.selenium.remote.RemoteWebElement.execute(RemoteWebElement.java:223)\r\n\tat org.openqa.selenium.remote.RemoteWebElement.click(RemoteWebElement.java:76)\r\n\tat Pages.TestExceptionsPractice.clickRow1SaveButton(TestExceptionsPractice.java:57)\r\n\tat stepDefinitions.testExceptionsSteps.i_edit_the_first_row_and_save_it(testExceptionsSteps.java:49)\r\n\tat ✽.I edit the first row and save it(file:///C:/Users/Mike%20Redondo/OneDrive/Desktop/selenium_java_practice/selenium-java-webdriver/src/test/resources/features/test_exceptions.feature:7)\r\n"},"stage":"finished","steps":[{"name":"Given I open the practice test site","status":"passed","statusDetails":{"known":false,"muted":false,"flaky":false},"stage":"finished","steps":[],"attachments":[],"parameters":[],"start":1744633303184,"stop":1744633308906},{"name":"When I navigate to the Test Exceptions page","status":"passed","statusDetails":{"known":false,"muted":false,"flaky":false},"stage":"finished","steps":[],"attachments":[],"parameters":[],"start":1744633308906,"stop":1744633313224},{"name":"And I edit the first row and save it","status":"broken","statusDetails":{"known":false,"muted":false,"flaky":false,"message":"element click intercepted: Element <button id=\"save_btn\" class=\"btn\" style=\"\" name=\"...\">Save</button> is not clickable at point (662, 19). Other element would receive the click: <div id=\"max-width\" class=\"max-width\">...</div>\n  (Session info: MicrosoftEdge=135.0.3179.73)\nBuild info: version: '4.31.0', revision: '1ef9f18787*'\nSystem info: os.name: 'Windows 11', os.arch: 'amd64', os.version: '10.0', java.version: '21.0.6'\nDriver info: org.openqa.selenium.edge.EdgeDriver\nCommand: [4acdd4425eed9b8015b320710312838e, clickElement {id=f.E0CB0030BA091C6A60C96042F1F77182.d.A48E57E00396F6F8D058D5D89F0DA931.e.54}]\nCapabilities {acceptInsecureCerts: false, browserName: MicrosoftEdge, browserVersion: 135.0.3179.73, fedcm:accounts: true, ms:edgeOptions: {debuggerAddress: localhost:50505}, msedge: {msedgedriverVersion: 135.0.3179.73 (1aac646e08ad..., userDataDir: C:\\Users\\MIKERE~1\\AppData\\L...}, networkConnectionEnabled: false, pageLoadStrategy: normal, platformName: windows, proxy: Proxy(), se:cdp: ws://localhost:50505/devtoo..., se:cdpVersion: 135.0.3179.73, setWindowRect: true, strictFileInteractability: false, timeouts: {implicit: 0, pageLoad: 300000, script: 30000}, unhandledPromptBehavior: dismiss and notify, webauthn:extension:credBlob: true, webauthn:extension:largeBlob: true, webauthn:extension:minPinLength: true, webauthn:extension:prf: true, webauthn:virtualAuthenticators: true}\nElement: [[EdgeDriver: MicrosoftEdge on windows (4acdd4425eed9b8015b320710312838e)] -> css selector: #row1 #save_btn[name='Save']]\nSession ID: 4acdd4425eed9b8015b320710312838e","trace":"org.openqa.selenium.ElementClickInterceptedException: element click intercepted: Element <button id=\"save_btn\" class=\"btn\" style=\"\" name=\"...\">Save</button> is not clickable at point (662, 19). Other element would receive the click: <div id=\"max-width\" class=\"max-width\">...</div>\n  (Session info: MicrosoftEdge=135.0.3179.73)\nBuild info: version: '4.31.0', revision: '1ef9f18787*'\nSystem info: os.name: 'Windows 11', os.arch: 'amd64', os.version: '10.0', java.version: '21.0.6'\nDriver info: org.openqa.selenium.edge.EdgeDriver\nCommand: [4acdd4425eed9b8015b320710312838e, clickElement {id=f.E0CB0030BA091C6A60C96042F1F77182.d.A48E57E00396F6F8D058D5D89F0DA931.e.54}]\nCapabilities {acceptInsecureCerts: false, browserName: MicrosoftEdge, browserVersion: 135.0.3179.73, fedcm:accounts: true, ms:edgeOptions: {debuggerAddress: localhost:50505}, msedge: {msedgedriverVersion: 135.0.3179.73 (1aac646e08ad..., userDataDir: C:\\Users\\MIKERE~1\\AppData\\L...}, networkConnectionEnabled: false, pageLoadStrategy: normal, platformName: windows, proxy: Proxy(), se:cdp: ws://localhost:50505/devtoo..., se:cdpVersion: 135.0.3179.73, setWindowRect: true, strictFileInteractability: false, timeouts: {implicit: 0, pageLoad: 300000, script: 30000}, unhandledPromptBehavior: dismiss and notify, webauthn:extension:credBlob: true, webauthn:extension:largeBlob: true, webauthn:extension:minPinLength: true, webauthn:extension:prf: true, webauthn:virtualAuthenticators: true}\nElement: [[EdgeDriver: MicrosoftEdge on windows (4acdd4425eed9b8015b320710312838e)] -> css selector: #row1 #save_btn[name='Save']]\nSession ID: 4acdd4425eed9b8015b320710312838e\r\n\tat java.base/jdk.internal.reflect.DirectConstructorHandleAccessor.newInstance(DirectConstructorHandleAccessor.java:62)\r\n\tat java.base/java.lang.reflect.Constructor.newInstanceWithCaller(Constructor.java:502)\r\n\tat java.base/java.lang.reflect.Constructor.newInstance(Constructor.java:486)\r\n\tat org.openqa.selenium.remote.ErrorCodec.decode(ErrorCodec.java:167)\r\n\tat org.openqa.selenium.remote.codec.w3c.W3CHttpResponseCodec.decode(W3CHttpResponseCodec.java:138)\r\n\tat org.openqa.selenium.remote.codec.w3c.W3CHttpResponseCodec.decode(W3CHttpResponseCodec.java:50)\r\n\tat org.openqa.selenium.remote.HttpCommandExecutor.execute(HttpCommandExecutor.java:215)\r\n\tat org.openqa.selenium.remote.service.DriverCommandExecutor.invokeExecute(DriverCommandExecutor.java:216)\r\n\tat org.openqa.selenium.remote.service.DriverCommandExecutor.execute(DriverCommandExecutor.java:174)\r\n\tat org.openqa.selenium.remote.RemoteWebDriver.execute(RemoteWebDriver.java:545)\r\n\tat org.openqa.selenium.remote.RemoteWebElement.execute(RemoteWebElement.java:223)\r\n\tat org.openqa.selenium.remote.RemoteWebElement.click(RemoteWebElement.java:76)\r\n\tat Pages.TestExceptionsPractice.clickRow1SaveButton(TestExceptionsPractice.java:57)\r\n\tat stepDefinitions.testExceptionsSteps.i_edit_the_first_row_and_save_it(testExceptionsSteps.java:49)\r\n\tat ✽.I edit the first row and save it(file:///C:/Users/Mike%20Redondo/OneDrive/Desktop/selenium_java_practice/selenium-java-webdriver/src/test/resources/features/test_exceptions.feature:7)\r\n"},"stage":"finished","steps":[],"attachments":[],"parameters":[],"start":1744633313225,"stop":1744633314902},{"name":"And I add a new item in row 2 and save it","status":"skipped","statusDetails":{"known":false,"muted":false,"flaky":false},"stage":"finished","steps":[],"attachments":[],"parameters":[],"start":1744633314906,"stop":1744633314908},{"name":"And I edit the second row and save it","status":"skipped","statusDetails":{"known":false,"muted":false,"flaky":false},"stage":"finished","steps":[],"attachments":[],"parameters":[],"start":1744633314909,"stop":1744633314909},{"name":"And I remove the second row","status":"skipped","statusDetails":{"known":false,"muted":false,"flaky":false},"stage":"finished","steps":[],"attachments":[],"parameters":[],"start":1744633314910,"stop":1744633314910},{"name":"Then I should see the changes reflected successfully","status":"skipped","statusDetails":{"known":false,"muted":false,"flaky":false},"stage":"finished","steps":[],"attachments":[],"parameters":[],"start":1744633314910,"stop":1744633314911}],"attachments":[],"parameters":[],"start":1744633303184,"stop":1744633314931}